<?xml version="1.0" encoding="UTF-8"?>
<!-- Generated by org.testng.reporters.JUnitReportReporter -->
<testsuite skipped="0" hostname="ATMECSINDT-073" name="com.atmecs.Falcon.tests.LoginPageTest" tests="1" failures="0" timestamp="2020-03-17T10:56:03 IST" time="6.536" errors="0">
  <testcase name="locator" time="6.536" classname="com.atmecs.Falcon.tests.LoginPageTest"/>
</testsuite> <!-- com.atmecs.Falcon.tests.LoginPageTest -->
